SEVERE	?	main	2017-03-19T18:01:24.544Z	org.javacs.Main$4#onError	java.io.IOException: Cannot run program "mvn" (in directory "/Users/kelleyperry/Projects/shoppingcart"): error=2, No such file or directory
java.lang.RuntimeException: java.io.IOException: Cannot run program "mvn" (in directory "/Users/kelleyperry/Projects/shoppingcart"): error=2, No such file or directory
	at org.javacs.JavaLanguageServer.buildClassPath(JavaLanguageServer.java:593)
	at org.javacs.JavaLanguageServer.readIfConfig(JavaLanguageServer.java:556)
	at org.javacs.JavaLanguageServer.doFindConfig(JavaLanguageServer.java:525)
	at java.util.HashMap.computeIfAbsent(HashMap.java:1126)
	at org.javacs.JavaLanguageServer.findConfig(JavaLanguageServer.java:517)
	at org.javacs.JavaLanguageServer.findCompiler(JavaLanguageServer.java:477)
	at org.javacs.JavaLanguageServer.findTree(JavaLanguageServer.java:809)
	at org.javacs.JavaLanguageServer.lambda$doHover$34(JavaLanguageServer.java:983)
	at java.util.Optional.ifPresent(Optional.java:159)
	at org.javacs.JavaLanguageServer.doHover(JavaLanguageServer.java:982)
	at org.javacs.JavaLanguageServer.access$000(JavaLanguageServer.java:31)
	at org.javacs.JavaLanguageServer$1.hover(JavaLanguageServer.java:118)
	at io.typefox.lsapi.services.transport.server.LanguageServerEndpoint._doAccept(LanguageServerEndpoint.xtend:130)
	at io.typefox.lsapi.services.transport.server.LanguageServerEndpoint.doAccept(LanguageServerEndpoint.xtend:117)
	at io.typefox.lsapi.services.transport.server.LanguageServerEndpoint.accept(LanguageServerEndpoint.xtend:114)
	at io.typefox.lsapi.services.transport.server.LanguageServerEndpoint.accept(LanguageServerEndpoint.xtend)
	at io.typefox.lsapi.services.transport.AbstractLanguageEndpoint.handleMessage(LanguageEndpoint.xtend:67)
	at io.typefox.lsapi.services.transport.AbstractLanguageEndpoint.lambda$connect$4(LanguageEndpoint.xtend:61)
	at io.typefox.lsapi.services.json.StreamMessageReader$1.apply(StreamMessageReader.java:46)
	at io.typefox.lsapi.services.json.StreamMessageReader$1.apply(StreamMessageReader.java:44)
	at io.typefox.lsapi.services.json.StreamMessageReader.handleMessage(StreamMessageReader.xtend:128)
	at io.typefox.lsapi.services.json.StreamMessageReader.listen(StreamMessageReader.xtend:61)
	at io.typefox.lsapi.services.transport.AbstractLanguageEndpoint.connect(LanguageEndpoint.xtend:60)
	at org.javacs.Main.run(Main.java:150)
	at org.javacs.Main.main(Main.java:69)
Caused by: java.io.IOException: Cannot run program "mvn" (in directory "/Users/kelleyperry/Projects/shoppingcart"): error=2, No such file or directory
	at java.lang.ProcessBuilder.start(ProcessBuilder.java:1048)
	at java.lang.Runtime.exec(Runtime.java:620)
	at java.lang.Runtime.exec(Runtime.java:450)
	at org.javacs.JavaLanguageServer.buildClassPath(JavaLanguageServer.java:586)
	... 24 more
Caused by: java.io.IOException: error=2, No such file or directory
	at java.lang.UNIXProcess.forkAndExec(Native Method)
	at java.lang.UNIXProcess.<init>(UNIXProcess.java:247)
	at java.lang.ProcessImpl.start(ProcessImpl.java:134)
	at java.lang.ProcessBuilder.start(ProcessBuilder.java:1029)
	... 27 more

INFO	?	main	2017-03-19T18:01:27.945Z	org.javacs.JavaLanguageServer#buildClassPath	Emit classpath to /var/folders/xl/mxj3rlzd5q3_2b_f2thrtl2m0000gn/T/classpath5962369756370553818.txt
SEVERE	?	main	2017-03-19T18:01:27.948Z	org.javacs.Main$4#onError	java.io.IOException: Cannot run program "mvn" (in directory "/Users/kelleyperry/Projects/shoppingcart"): error=2, No such file or directory
java.lang.RuntimeException: java.io.IOException: Cannot run program "mvn" (in directory "/Users/kelleyperry/Projects/shoppingcart"): error=2, No such file or directory
	at org.javacs.JavaLanguageServer.buildClassPath(JavaLanguageServer.java:593)
	at org.javacs.JavaLanguageServer.readIfConfig(JavaLanguageServer.java:556)
	at org.javacs.JavaLanguageServer.doFindConfig(JavaLanguageServer.java:525)
	at java.util.HashMap.computeIfAbsent(HashMap.java:1126)
	at org.javacs.JavaLanguageServer.findConfig(JavaLanguageServer.java:517)
	at org.javacs.JavaLanguageServer.findCompiler(JavaLanguageServer.java:477)
	at org.javacs.JavaLanguageServer.autocomplete(JavaLanguageServer.java:1057)
	at org.javacs.JavaLanguageServer$1.completion(JavaLanguageServer.java:108)
	at io.typefox.lsapi.services.transport.server.LanguageServerEndpoint._doAccept(LanguageServerEndpoint.xtend:126)
	at io.typefox.lsapi.services.transport.server.LanguageServerEndpoint.doAccept(LanguageServerEndpoint.xtend:117)
	at io.typefox.lsapi.services.transport.server.LanguageServerEndpoint.accept(LanguageServerEndpoint.xtend:114)
	at io.typefox.lsapi.services.transport.server.LanguageServerEndpoint.accept(LanguageServerEndpoint.xtend)
	at io.typefox.lsapi.services.transport.AbstractLanguageEndpoint.handleMessage(LanguageEndpoint.xtend:67)
	at io.typefox.lsapi.services.transport.AbstractLanguageEndpoint.lambda$connect$4(LanguageEndpoint.xtend:61)
	at io.typefox.lsapi.services.json.StreamMessageReader$1.apply(StreamMessageReader.java:46)
	at io.typefox.lsapi.services.json.StreamMessageReader$1.apply(StreamMessageReader.java:44)
	at io.typefox.lsapi.services.json.StreamMessageReader.handleMessage(StreamMessageReader.xtend:128)
	at io.typefox.lsapi.services.json.StreamMessageReader.listen(StreamMessageReader.xtend:61)
	at io.typefox.lsapi.services.transport.AbstractLanguageEndpoint.connect(LanguageEndpoint.xtend:60)
	at org.javacs.Main.run(Main.java:150)
	at org.javacs.Main.main(Main.java:69)
Caused by: java.io.IOException: Cannot run program "mvn" (in directory "/Users/kelleyperry/Projects/shoppingcart"): error=2, No such file or directory
	at java.lang.ProcessBuilder.start(ProcessBuilder.java:1048)
	at java.lang.Runtime.exec(Runtime.java:620)
	at java.lang.Runtime.exec(Runtime.java:450)
	at org.javacs.JavaLanguageServer.buildClassPath(JavaLanguageServer.java:586)
	... 20 more
Caused by: java.io.IOException: error=2, No such file or directory
	at java.lang.UNIXProcess.forkAndExec(Native Method)
	at java.lang.UNIXProcess.<init>(UNIXProcess.java:247)
	at java.lang.ProcessImpl.start(ProcessImpl.java:134)
	at java.lang.ProcessBuilder.start(ProcessBuilder.java:1029)
	... 23 more

INFO	?	main	2017-03-19T18:01:31.953Z	org.javacs.JavaLanguageServer#buildClassPath	Emit classpath to /var/folders/xl/mxj3rlzd5q3_2b_f2thrtl2m0000gn/T/classpath3146908443813271614.txt
SEVERE	?	main	2017-03-19T18:01:31.956Z	org.javacs.Main$4#onError	java.io.IOException: Cannot run program "mvn" (in directory "/Users/kelleyperry/Projects/shoppingcart"): error=2, No such file or directory
java.lang.RuntimeException: java.io.IOException: Cannot run program "mvn" (in directory "/Users/kelleyperry/Projects/shoppingcart"): error=2, No such file or directory
	at org.javacs.JavaLanguageServer.buildClassPath(JavaLanguageServer.java:593)
	at org.javacs.JavaLanguageServer.readIfConfig(JavaLanguageServer.java:556)
	at org.javacs.JavaLanguageServer.doFindConfig(JavaLanguageServer.java:525)
	at java.util.HashMap.computeIfAbsent(HashMap.java:1126)
	at org.javacs.JavaLanguageServer.findConfig(JavaLanguageServer.java:517)
	at org.javacs.JavaLanguageServer.findCompiler(JavaLanguageServer.java:477)
	at org.javacs.JavaLanguageServer.autocomplete(JavaLanguageServer.java:1057)
	at org.javacs.JavaLanguageServer$1.completion(JavaLanguageServer.java:108)
	at io.typefox.lsapi.services.transport.server.LanguageServerEndpoint._doAccept(LanguageServerEndpoint.xtend:126)
	at io.typefox.lsapi.services.transport.server.LanguageServerEndpoint.doAccept(LanguageServerEndpoint.xtend:117)
	at io.typefox.lsapi.services.transport.server.LanguageServerEndpoint.accept(LanguageServerEndpoint.xtend:114)
	at io.typefox.lsapi.services.transport.server.LanguageServerEndpoint.accept(LanguageServerEndpoint.xtend)
	at io.typefox.lsapi.services.transport.AbstractLanguageEndpoint.handleMessage(LanguageEndpoint.xtend:67)
	at io.typefox.lsapi.services.transport.AbstractLanguageEndpoint.lambda$connect$4(LanguageEndpoint.xtend:61)
	at io.typefox.lsapi.services.json.StreamMessageReader$1.apply(StreamMessageReader.java:46)
	at io.typefox.lsapi.services.json.StreamMessageReader$1.apply(StreamMessageReader.java:44)
	at io.typefox.lsapi.services.json.StreamMessageReader.handleMessage(StreamMessageReader.xtend:128)
	at io.typefox.lsapi.services.json.StreamMessageReader.listen(StreamMessageReader.xtend:61)
	at io.typefox.lsapi.services.transport.AbstractLanguageEndpoint.connect(LanguageEndpoint.xtend:60)
	at org.javacs.Main.run(Main.java:150)
	at org.javacs.Main.main(Main.java:69)
Caused by: java.io.IOException: Cannot run program "mvn" (in directory "/Users/kelleyperry/Projects/shoppingcart"): error=2, No such file or directory
	at java.lang.ProcessBuilder.start(ProcessBuilder.java:1048)
	at java.lang.Runtime.exec(Runtime.java:620)
	at java.lang.Runtime.exec(Runtime.java:450)
	at org.javacs.JavaLanguageServer.buildClassPath(JavaLanguageServer.java:586)
	... 20 more
Caused by: java.io.IOException: error=2, No such file or directory
	at java.lang.UNIXProcess.forkAndExec(Native Method)
	at java.lang.UNIXProcess.<init>(UNIXProcess.java:247)
	at java.lang.ProcessImpl.start(ProcessImpl.java:134)
	at java.lang.ProcessBuilder.start(ProcessBuilder.java:1029)
	... 23 more

INFO	?	main	2017-03-19T18:01:36.843Z	org.javacs.JavaLanguageServer#buildClassPath	Emit classpath to /var/folders/xl/mxj3rlzd5q3_2b_f2thrtl2m0000gn/T/classpath3672701410064289388.txt
SEVERE	?	main	2017-03-19T18:01:36.846Z	org.javacs.Main$4#onError	java.io.IOException: Cannot run program "mvn" (in directory "/Users/kelleyperry/Projects/shoppingcart"): error=2, No such file or directory
java.lang.RuntimeException: java.io.IOException: Cannot run program "mvn" (in directory "/Users/kelleyperry/Projects/shoppingcart"): error=2, No such file or directory
	at org.javacs.JavaLanguageServer.buildClassPath(JavaLanguageServer.java:593)
	at org.javacs.JavaLanguageServer.readIfConfig(JavaLanguageServer.java:556)
	at org.javacs.JavaLanguageServer.doFindConfig(JavaLanguageServer.java:525)
	at java.util.HashMap.computeIfAbsent(HashMap.java:1126)
	at org.javacs.JavaLanguageServer.findConfig(JavaLanguageServer.java:517)
	at org.javacs.JavaLanguageServer.findCompiler(JavaLanguageServer.java:477)
	at org.javacs.JavaLanguageServer.autocomplete(JavaLanguageServer.java:1057)
	at org.javacs.JavaLanguageServer$1.completion(JavaLanguageServer.java:108)
	at io.typefox.lsapi.services.transport.server.LanguageServerEndpoint._doAccept(LanguageServerEndpoint.xtend:126)
	at io.typefox.lsapi.services.transport.server.LanguageServerEndpoint.doAccept(LanguageServerEndpoint.xtend:117)
	at io.typefox.lsapi.services.transport.server.LanguageServerEndpoint.accept(LanguageServerEndpoint.xtend:114)
	at io.typefox.lsapi.services.transport.server.LanguageServerEndpoint.accept(LanguageServerEndpoint.xtend)
	at io.typefox.lsapi.services.transport.AbstractLanguageEndpoint.handleMessage(LanguageEndpoint.xtend:67)
	at io.typefox.lsapi.services.transport.AbstractLanguageEndpoint.lambda$connect$4(LanguageEndpoint.xtend:61)
	at io.typefox.lsapi.services.json.StreamMessageReader$1.apply(StreamMessageReader.java:46)
	at io.typefox.lsapi.services.json.StreamMessageReader$1.apply(StreamMessageReader.java:44)
	at io.typefox.lsapi.services.json.StreamMessageReader.handleMessage(StreamMessageReader.xtend:128)
	at io.typefox.lsapi.services.json.StreamMessageReader.listen(StreamMessageReader.xtend:61)
	at io.typefox.lsapi.services.transport.AbstractLanguageEndpoint.connect(LanguageEndpoint.xtend:60)
	at org.javacs.Main.run(Main.java:150)
	at org.javacs.Main.main(Main.java:69)
Caused by: java.io.IOException: Cannot run program "mvn" (in directory "/Users/kelleyperry/Projects/shoppingcart"): error=2, No such file or directory
	at java.lang.ProcessBuilder.start(ProcessBuilder.java:1048)
	at java.lang.Runtime.exec(Runtime.java:620)
	at java.lang.Runtime.exec(Runtime.java:450)
	at org.javacs.JavaLanguageServer.buildClassPath(JavaLanguageServer.java:586)
	... 20 more
Caused by: java.io.IOException: error=2, No such file or directory
	at java.lang.UNIXProcess.forkAndExec(Native Method)
	at java.lang.UNIXProcess.<init>(UNIXProcess.java:247)
	at java.lang.ProcessImpl.start(ProcessImpl.java:134)
	at java.lang.ProcessBuilder.start(ProcessBuilder.java:1029)
	... 23 more

INFO	?	main	2017-03-19T18:01:37.386Z	org.javacs.JavaLanguageServer#buildClassPath	Emit classpath to /var/folders/xl/mxj3rlzd5q3_2b_f2thrtl2m0000gn/T/classpath5980187761210752673.txt
SEVERE	?	main	2017-03-19T18:01:37.388Z	org.javacs.Main$4#onError	java.io.IOException: Cannot run program "mvn" (in directory "/Users/kelleyperry/Projects/shoppingcart"): error=2, No such file or directory
java.lang.RuntimeException: java.io.IOException: Cannot run program "mvn" (in directory "/Users/kelleyperry/Projects/shoppingcart"): error=2, No such file or directory
	at org.javacs.JavaLanguageServer.buildClassPath(JavaLanguageServer.java:593)
	at org.javacs.JavaLanguageServer.readIfConfig(JavaLanguageServer.java:556)
	at org.javacs.JavaLanguageServer.doFindConfig(JavaLanguageServer.java:525)
	at java.util.HashMap.computeIfAbsent(HashMap.java:1126)
	at org.javacs.JavaLanguageServer.findConfig(JavaLanguageServer.java:517)
	at org.javacs.JavaLanguageServer.findCompiler(JavaLanguageServer.java:477)
	at org.javacs.JavaLanguageServer.autocomplete(JavaLanguageServer.java:1057)
	at org.javacs.JavaLanguageServer$1.completion(JavaLanguageServer.java:108)
	at io.typefox.lsapi.services.transport.server.LanguageServerEndpoint._doAccept(LanguageServerEndpoint.xtend:126)
	at io.typefox.lsapi.services.transport.server.LanguageServerEndpoint.doAccept(LanguageServerEndpoint.xtend:117)
	at io.typefox.lsapi.services.transport.server.LanguageServerEndpoint.accept(LanguageServerEndpoint.xtend:114)
	at io.typefox.lsapi.services.transport.server.LanguageServerEndpoint.accept(LanguageServerEndpoint.xtend)
	at io.typefox.lsapi.services.transport.AbstractLanguageEndpoint.handleMessage(LanguageEndpoint.xtend:67)
	at io.typefox.lsapi.services.transport.AbstractLanguageEndpoint.lambda$connect$4(LanguageEndpoint.xtend:61)
	at io.typefox.lsapi.services.json.StreamMessageReader$1.apply(StreamMessageReader.java:46)
	at io.typefox.lsapi.services.json.StreamMessageReader$1.apply(StreamMessageReader.java:44)
	at io.typefox.lsapi.services.json.StreamMessageReader.handleMessage(StreamMessageReader.xtend:128)
	at io.typefox.lsapi.services.json.StreamMessageReader.listen(StreamMessageReader.xtend:61)
	at io.typefox.lsapi.services.transport.AbstractLanguageEndpoint.connect(LanguageEndpoint.xtend:60)
	at org.javacs.Main.run(Main.java:150)
	at org.javacs.Main.main(Main.java:69)
Caused by: java.io.IOException: Cannot run program "mvn" (in directory "/Users/kelleyperry/Projects/shoppingcart"): error=2, No such file or directory
	at java.lang.ProcessBuilder.start(ProcessBuilder.java:1048)
	at java.lang.Runtime.exec(Runtime.java:620)
	at java.lang.Runtime.exec(Runtime.java:450)
	at org.javacs.JavaLanguageServer.buildClassPath(JavaLanguageServer.java:586)
	... 20 more
Caused by: java.io.IOException: error=2, No such file or directory
	at java.lang.UNIXProcess.forkAndExec(Native Method)
	at java.lang.UNIXProcess.<init>(UNIXProcess.java:247)
	at java.lang.ProcessImpl.start(ProcessImpl.java:134)
	at java.lang.ProcessBuilder.start(ProcessBuilder.java:1029)
	... 23 more

INFO	?	main	2017-03-19T18:01:40.187Z	org.javacs.JavaLanguageServer#doLint	Lint [/Users/kelleyperry/Projects/shoppingcart/src/main/java/com/pusher/web/IndexController.java, /Users/kelleyperry/Projects/shoppingcart/src/main/java/com/shoppingcart/ShoppingcartApplication.java]
INFO	?	main	2017-03-19T18:01:40.188Z	org.javacs.JavaLanguageServer#buildClassPath	Emit classpath to /var/folders/xl/mxj3rlzd5q3_2b_f2thrtl2m0000gn/T/classpath4457067730952663624.txt
SEVERE	?	main	2017-03-19T18:01:40.190Z	org.javacs.Main$4#onError	java.io.IOException: Cannot run program "mvn" (in directory "/Users/kelleyperry/Projects/shoppingcart"): error=2, No such file or directory
java.lang.RuntimeException: java.io.IOException: Cannot run program "mvn" (in directory "/Users/kelleyperry/Projects/shoppingcart"): error=2, No such file or directory
	at org.javacs.JavaLanguageServer.buildClassPath(JavaLanguageServer.java:593)
	at org.javacs.JavaLanguageServer.readIfConfig(JavaLanguageServer.java:556)
	at org.javacs.JavaLanguageServer.doFindConfig(JavaLanguageServer.java:525)
	at java.util.HashMap.computeIfAbsent(HashMap.java:1126)
	at org.javacs.JavaLanguageServer.findConfig(JavaLanguageServer.java:517)
	at org.javacs.JavaLanguageServer.doLint(JavaLanguageServer.java:315)
	at org.javacs.JavaLanguageServer.access$800(JavaLanguageServer.java:31)
	at org.javacs.JavaLanguageServer$1.didSave(JavaLanguageServer.java:247)
	at io.typefox.lsapi.services.transport.server.LanguageServerEndpoint._doAccept(LanguageServerEndpoint.xtend:204)
	at io.typefox.lsapi.services.transport.server.LanguageServerEndpoint.doAccept(LanguageServerEndpoint.xtend:194)
	at io.typefox.lsapi.services.transport.server.LanguageServerEndpoint.accept(LanguageServerEndpoint.xtend:114)
	at io.typefox.lsapi.services.transport.server.LanguageServerEndpoint.accept(LanguageServerEndpoint.xtend)
	at io.typefox.lsapi.services.transport.AbstractLanguageEndpoint.handleMessage(LanguageEndpoint.xtend:67)
	at io.typefox.lsapi.services.transport.AbstractLanguageEndpoint.lambda$connect$4(LanguageEndpoint.xtend:61)
	at io.typefox.lsapi.services.json.StreamMessageReader$1.apply(StreamMessageReader.java:46)
	at io.typefox.lsapi.services.json.StreamMessageReader$1.apply(StreamMessageReader.java:44)
	at io.typefox.lsapi.services.json.StreamMessageReader.handleMessage(StreamMessageReader.xtend:128)
	at io.typefox.lsapi.services.json.StreamMessageReader.listen(StreamMessageReader.xtend:61)
	at io.typefox.lsapi.services.transport.AbstractLanguageEndpoint.connect(LanguageEndpoint.xtend:60)
	at org.javacs.Main.run(Main.java:150)
	at org.javacs.Main.main(Main.java:69)
Caused by: java.io.IOException: Cannot run program "mvn" (in directory "/Users/kelleyperry/Projects/shoppingcart"): error=2, No such file or directory
	at java.lang.ProcessBuilder.start(ProcessBuilder.java:1048)
	at java.lang.Runtime.exec(Runtime.java:620)
	at java.lang.Runtime.exec(Runtime.java:450)
	at org.javacs.JavaLanguageServer.buildClassPath(JavaLanguageServer.java:586)
	... 20 more
Caused by: java.io.IOException: error=2, No such file or directory
	at java.lang.UNIXProcess.forkAndExec(Native Method)
	at java.lang.UNIXProcess.<init>(UNIXProcess.java:247)
	at java.lang.ProcessImpl.start(ProcessImpl.java:134)
	at java.lang.ProcessBuilder.start(ProcessBuilder.java:1029)
	... 23 more

INFO	?	main	2017-03-19T18:01:42.321Z	org.javacs.JavaLanguageServer#buildClassPath	Emit classpath to /var/folders/xl/mxj3rlzd5q3_2b_f2thrtl2m0000gn/T/classpath8953605135794840041.txt
SEVERE	?	main	2017-03-19T18:01:42.323Z	org.javacs.Main$4#onError	java.io.IOException: Cannot run program "mvn" (in directory "/Users/kelleyperry/Projects/shoppingcart"): error=2, No such file or directory
java.lang.RuntimeException: java.io.IOException: Cannot run program "mvn" (in directory "/Users/kelleyperry/Projects/shoppingcart"): error=2, No such file or directory
	at org.javacs.JavaLanguageServer.buildClassPath(JavaLanguageServer.java:593)
	at org.javacs.JavaLanguageServer.readIfConfig(JavaLanguageServer.java:556)
	at org.javacs.JavaLanguageServer.doFindConfig(JavaLanguageServer.java:525)
	at java.util.HashMap.computeIfAbsent(HashMap.java:1126)
	at org.javacs.JavaLanguageServer.findConfig(JavaLanguageServer.java:517)
	at org.javacs.JavaLanguageServer.findCompiler(JavaLanguageServer.java:477)
	at org.javacs.JavaLanguageServer.findTree(JavaLanguageServer.java:809)
	at org.javacs.JavaLanguageServer.lambda$gotoDefinition$32(JavaLanguageServer.java:846)
	at java.util.Optional.ifPresent(Optional.java:159)
	at org.javacs.JavaLanguageServer.gotoDefinition(JavaLanguageServer.java:845)
	at org.javacs.JavaLanguageServer$1.definition(JavaLanguageServer.java:128)
	at io.typefox.lsapi.services.transport.server.LanguageServerEndpoint._doAccept(LanguageServerEndpoint.xtend:134)
	at io.typefox.lsapi.services.transport.server.LanguageServerEndpoint.doAccept(LanguageServerEndpoint.xtend:117)
	at io.typefox.lsapi.services.transport.server.LanguageServerEndpoint.accept(LanguageServerEndpoint.xtend:114)
	at io.typefox.lsapi.services.transport.server.LanguageServerEndpoint.accept(LanguageServerEndpoint.xtend)
	at io.typefox.lsapi.services.transport.AbstractLanguageEndpoint.handleMessage(LanguageEndpoint.xtend:67)
	at io.typefox.lsapi.services.transport.AbstractLanguageEndpoint.lambda$connect$4(LanguageEndpoint.xtend:61)
	at io.typefox.lsapi.services.json.StreamMessageReader$1.apply(StreamMessageReader.java:46)
	at io.typefox.lsapi.services.json.StreamMessageReader$1.apply(StreamMessageReader.java:44)
	at io.typefox.lsapi.services.json.StreamMessageReader.handleMessage(StreamMessageReader.xtend:128)
	at io.typefox.lsapi.services.json.StreamMessageReader.listen(StreamMessageReader.xtend:61)
	at io.typefox.lsapi.services.transport.AbstractLanguageEndpoint.connect(LanguageEndpoint.xtend:60)
	at org.javacs.Main.run(Main.java:150)
	at org.javacs.Main.main(Main.java:69)
Caused by: java.io.IOException: Cannot run program "mvn" (in directory "/Users/kelleyperry/Projects/shoppingcart"): error=2, No such file or directory
	at java.lang.ProcessBuilder.start(ProcessBuilder.java:1048)
	at java.lang.Runtime.exec(Runtime.java:620)
	at java.lang.Runtime.exec(Runtime.java:450)
	at org.javacs.JavaLanguageServer.buildClassPath(JavaLanguageServer.java:586)
	... 23 more
Caused by: java.io.IOException: error=2, No such file or directory
	at java.lang.UNIXProcess.forkAndExec(Native Method)
	at java.lang.UNIXProcess.<init>(UNIXProcess.java:247)
	at java.lang.ProcessImpl.start(ProcessImpl.java:134)
	at java.lang.ProcessBuilder.start(ProcessBuilder.java:1029)
	... 26 more

INFO	?	main	2017-03-19T18:01:42.472Z	org.javacs.JavaLanguageServer#buildClassPath	Emit classpath to /var/folders/xl/mxj3rlzd5q3_2b_f2thrtl2m0000gn/T/classpath5039637780804551587.txt
SEVERE	?	main	2017-03-19T18:01:42.475Z	org.javacs.Main$4#onError	java.io.IOException: Cannot run program "mvn" (in directory "/Users/kelleyperry/Projects/shoppingcart"): error=2, No such file or directory
java.lang.RuntimeException: java.io.IOException: Cannot run program "mvn" (in directory "/Users/kelleyperry/Projects/shoppingcart"): error=2, No such file or directory
	at org.javacs.JavaLanguageServer.buildClassPath(JavaLanguageServer.java:593)
	at org.javacs.JavaLanguageServer.readIfConfig(JavaLanguageServer.java:556)
	at org.javacs.JavaLanguageServer.doFindConfig(JavaLanguageServer.java:525)
	at java.util.HashMap.computeIfAbsent(HashMap.java:1126)
	at org.javacs.JavaLanguageServer.findConfig(JavaLanguageServer.java:517)
	at org.javacs.JavaLanguageServer.findCompiler(JavaLanguageServer.java:477)
	at org.javacs.JavaLanguageServer.findTree(JavaLanguageServer.java:809)
	at org.javacs.JavaLanguageServer.lambda$doHover$34(JavaLanguageServer.java:983)
	at java.util.Optional.ifPresent(Optional.java:159)
	at org.javacs.JavaLanguageServer.doHover(JavaLanguageServer.java:982)
	at org.javacs.JavaLanguageServer.access$000(JavaLanguageServer.java:31)
	at org.javacs.JavaLanguageServer$1.hover(JavaLanguageServer.java:118)
	at io.typefox.lsapi.services.transport.server.LanguageServerEndpoint._doAccept(LanguageServerEndpoint.xtend:130)
	at io.typefox.lsapi.services.transport.server.LanguageServerEndpoint.doAccept(LanguageServerEndpoint.xtend:117)
	at io.typefox.lsapi.services.transport.server.LanguageServerEndpoint.accept(LanguageServerEndpoint.xtend:114)
	at io.typefox.lsapi.services.transport.server.LanguageServerEndpoint.accept(LanguageServerEndpoint.xtend)
	at io.typefox.lsapi.services.transport.AbstractLanguageEndpoint.handleMessage(LanguageEndpoint.xtend:67)
	at io.typefox.lsapi.services.transport.AbstractLanguageEndpoint.lambda$connect$4(LanguageEndpoint.xtend:61)
	at io.typefox.lsapi.services.json.StreamMessageReader$1.apply(StreamMessageReader.java:46)
	at io.typefox.lsapi.services.json.StreamMessageReader$1.apply(StreamMessageReader.java:44)
	at io.typefox.lsapi.services.json.StreamMessageReader.handleMessage(StreamMessageReader.xtend:128)
	at io.typefox.lsapi.services.json.StreamMessageReader.listen(StreamMessageReader.xtend:61)
	at io.typefox.lsapi.services.transport.AbstractLanguageEndpoint.connect(LanguageEndpoint.xtend:60)
	at org.javacs.Main.run(Main.java:150)
	at org.javacs.Main.main(Main.java:69)
Caused by: java.io.IOException: Cannot run program "mvn" (in directory "/Users/kelleyperry/Projects/shoppingcart"): error=2, No such file or directory
	at java.lang.ProcessBuilder.start(ProcessBuilder.java:1048)
	at java.lang.Runtime.exec(Runtime.java:620)
	at java.lang.Runtime.exec(Runtime.java:450)
	at org.javacs.JavaLanguageServer.buildClassPath(JavaLanguageServer.java:586)
	... 24 more
Caused by: java.io.IOException: error=2, No such file or directory
	at java.lang.UNIXProcess.forkAndExec(Native Method)
	at java.lang.UNIXProcess.<init>(UNIXProcess.java:247)
	at java.lang.ProcessImpl.start(ProcessImpl.java:134)
	at java.lang.ProcessBuilder.start(ProcessBuilder.java:1029)
	... 27 more

INFO	?	main	2017-03-19T18:01:47.052Z	org.javacs.JavaLanguageServer#buildClassPath	Emit classpath to /var/folders/xl/mxj3rlzd5q3_2b_f2thrtl2m0000gn/T/classpath5675350741702688132.txt
SEVERE	?	main	2017-03-19T18:01:47.054Z	org.javacs.Main$4#onError	java.io.IOException: Cannot run program "mvn" (in directory "/Users/kelleyperry/Projects/shoppingcart"): error=2, No such file or directory
java.lang.RuntimeException: java.io.IOException: Cannot run program "mvn" (in directory "/Users/kelleyperry/Projects/shoppingcart"): error=2, No such file or directory
	at org.javacs.JavaLanguageServer.buildClassPath(JavaLanguageServer.java:593)
	at org.javacs.JavaLanguageServer.readIfConfig(JavaLanguageServer.java:556)
	at org.javacs.JavaLanguageServer.doFindConfig(JavaLanguageServer.java:525)
	at java.util.HashMap.computeIfAbsent(HashMap.java:1126)
	at org.javacs.JavaLanguageServer.findConfig(JavaLanguageServer.java:517)
	at org.javacs.JavaLanguageServer.findCompiler(JavaLanguageServer.java:477)
	at org.javacs.JavaLanguageServer.findTree(JavaLanguageServer.java:809)
	at org.javacs.JavaLanguageServer.lambda$doHover$34(JavaLanguageServer.java:983)
	at java.util.Optional.ifPresent(Optional.java:159)
	at org.javacs.JavaLanguageServer.doHover(JavaLanguageServer.java:982)
	at org.javacs.JavaLanguageServer.access$000(JavaLanguageServer.java:31)
	at org.javacs.JavaLanguageServer$1.hover(JavaLanguageServer.java:118)
	at io.typefox.lsapi.services.transport.server.LanguageServerEndpoint._doAccept(LanguageServerEndpoint.xtend:130)
	at io.typefox.lsapi.services.transport.server.LanguageServerEndpoint.doAccept(LanguageServerEndpoint.xtend:117)
	at io.typefox.lsapi.services.transport.server.LanguageServerEndpoint.accept(LanguageServerEndpoint.xtend:114)
	at io.typefox.lsapi.services.transport.server.LanguageServerEndpoint.accept(LanguageServerEndpoint.xtend)
	at io.typefox.lsapi.services.transport.AbstractLanguageEndpoint.handleMessage(LanguageEndpoint.xtend:67)
	at io.typefox.lsapi.services.transport.AbstractLanguageEndpoint.lambda$connect$4(LanguageEndpoint.xtend:61)
	at io.typefox.lsapi.services.json.StreamMessageReader$1.apply(StreamMessageReader.java:46)
	at io.typefox.lsapi.services.json.StreamMessageReader$1.apply(StreamMessageReader.java:44)
	at io.typefox.lsapi.services.json.StreamMessageReader.handleMessage(StreamMessageReader.xtend:128)
	at io.typefox.lsapi.services.json.StreamMessageReader.listen(StreamMessageReader.xtend:61)
	at io.typefox.lsapi.services.transport.AbstractLanguageEndpoint.connect(LanguageEndpoint.xtend:60)
	at org.javacs.Main.run(Main.java:150)
	at org.javacs.Main.main(Main.java:69)
Caused by: java.io.IOException: Cannot run program "mvn" (in directory "/Users/kelleyperry/Projects/shoppingcart"): error=2, No such file or directory
	at java.lang.ProcessBuilder.start(ProcessBuilder.java:1048)
	at java.lang.Runtime.exec(Runtime.java:620)
	at java.lang.Runtime.exec(Runtime.java:450)
	at org.javacs.JavaLanguageServer.buildClassPath(JavaLanguageServer.java:586)
	... 24 more
Caused by: java.io.IOException: error=2, No such file or directory
	at java.lang.UNIXProcess.forkAndExec(Native Method)
	at java.lang.UNIXProcess.<init>(UNIXProcess.java:247)
	at java.lang.ProcessImpl.start(ProcessImpl.java:134)
	at java.lang.ProcessBuilder.start(ProcessBuilder.java:1029)
	... 27 more

INFO	?	main	2017-03-19T18:01:55.674Z	org.javacs.JavaLanguageServer#buildClassPath	Emit classpath to /var/folders/xl/mxj3rlzd5q3_2b_f2thrtl2m0000gn/T/classpath5096918986494281270.txt
SEVERE	?	main	2017-03-19T18:01:55.677Z	org.javacs.Main$4#onError	java.io.IOException: Cannot run program "mvn" (in directory "/Users/kelleyperry/Projects/shoppingcart"): error=2, No such file or directory
java.lang.RuntimeException: java.io.IOException: Cannot run program "mvn" (in directory "/Users/kelleyperry/Projects/shoppingcart"): error=2, No such file or directory
	at org.javacs.JavaLanguageServer.buildClassPath(JavaLanguageServer.java:593)
	at org.javacs.JavaLanguageServer.readIfConfig(JavaLanguageServer.java:556)
	at org.javacs.JavaLanguageServer.doFindConfig(JavaLanguageServer.java:525)
	at java.util.HashMap.computeIfAbsent(HashMap.java:1126)
	at org.javacs.JavaLanguageServer.findConfig(JavaLanguageServer.java:517)
	at org.javacs.JavaLanguageServer.findCompiler(JavaLanguageServer.java:477)
	at org.javacs.JavaLanguageServer.findTree(JavaLanguageServer.java:809)
	at org.javacs.JavaLanguageServer.lambda$gotoDefinition$32(JavaLanguageServer.java:846)
	at java.util.Optional.ifPresent(Optional.java:159)
	at org.javacs.JavaLanguageServer.gotoDefinition(JavaLanguageServer.java:845)
	at org.javacs.JavaLanguageServer$1.definition(JavaLanguageServer.java:128)
	at io.typefox.lsapi.services.transport.server.LanguageServerEndpoint._doAccept(LanguageServerEndpoint.xtend:134)
	at io.typefox.lsapi.services.transport.server.LanguageServerEndpoint.doAccept(LanguageServerEndpoint.xtend:117)
	at io.typefox.lsapi.services.transport.server.LanguageServerEndpoint.accept(LanguageServerEndpoint.xtend:114)
	at io.typefox.lsapi.services.transport.server.LanguageServerEndpoint.accept(LanguageServerEndpoint.xtend)
	at io.typefox.lsapi.services.transport.AbstractLanguageEndpoint.handleMessage(LanguageEndpoint.xtend:67)
	at io.typefox.lsapi.services.transport.AbstractLanguageEndpoint.lambda$connect$4(LanguageEndpoint.xtend:61)
	at io.typefox.lsapi.services.json.StreamMessageReader$1.apply(StreamMessageReader.java:46)
	at io.typefox.lsapi.services.json.StreamMessageReader$1.apply(StreamMessageReader.java:44)
	at io.typefox.lsapi.services.json.StreamMessageReader.handleMessage(StreamMessageReader.xtend:128)
	at io.typefox.lsapi.services.json.StreamMessageReader.listen(StreamMessageReader.xtend:61)
	at io.typefox.lsapi.services.transport.AbstractLanguageEndpoint.connect(LanguageEndpoint.xtend:60)
	at org.javacs.Main.run(Main.java:150)
	at org.javacs.Main.main(Main.java:69)
Caused by: java.io.IOException: Cannot run program "mvn" (in directory "/Users/kelleyperry/Projects/shoppingcart"): error=2, No such file or directory
	at java.lang.ProcessBuilder.start(ProcessBuilder.java:1048)
	at java.lang.Runtime.exec(Runtime.java:620)
	at java.lang.Runtime.exec(Runtime.java:450)
	at org.javacs.JavaLanguageServer.buildClassPath(JavaLanguageServer.java:586)
	... 23 more
Caused by: java.io.IOException: error=2, No such file or directory
	at java.lang.UNIXProcess.forkAndExec(Native Method)
	at java.lang.UNIXProcess.<init>(UNIXProcess.java:247)
	at java.lang.ProcessImpl.start(ProcessImpl.java:134)
	at java.lang.ProcessBuilder.start(ProcessBuilder.java:1029)
	... 26 more

INFO	?	main	2017-03-19T18:02:28.957Z	org.javacs.JavaLanguageServer#doLint	Lint [/Users/kelleyperry/Projects/shoppingcart/src/main/java/com/pusher/web/IndexController.java, /Users/kelleyperry/Projects/shoppingcart/src/main/java/com/shoppingcart/ShoppingcartApplication.java]
INFO	?	main	2017-03-19T18:02:28.959Z	org.javacs.JavaLanguageServer#buildClassPath	Emit classpath to /var/folders/xl/mxj3rlzd5q3_2b_f2thrtl2m0000gn/T/classpath2802520805372054343.txt
SEVERE	?	main	2017-03-19T18:02:28.961Z	org.javacs.Main$4#onError	java.io.IOException: Cannot run program "mvn" (in directory "/Users/kelleyperry/Projects/shoppingcart"): error=2, No such file or directory
java.lang.RuntimeException: java.io.IOException: Cannot run program "mvn" (in directory "/Users/kelleyperry/Projects/shoppingcart"): error=2, No such file or directory
	at org.javacs.JavaLanguageServer.buildClassPath(JavaLanguageServer.java:593)
	at org.javacs.JavaLanguageServer.readIfConfig(JavaLanguageServer.java:556)
	at org.javacs.JavaLanguageServer.doFindConfig(JavaLanguageServer.java:525)
	at java.util.HashMap.computeIfAbsent(HashMap.java:1126)
	at org.javacs.JavaLanguageServer.findConfig(JavaLanguageServer.java:517)
	at org.javacs.JavaLanguageServer.doLint(JavaLanguageServer.java:315)
	at org.javacs.JavaLanguageServer.access$800(JavaLanguageServer.java:31)
	at org.javacs.JavaLanguageServer$1.didSave(JavaLanguageServer.java:247)
	at io.typefox.lsapi.services.transport.server.LanguageServerEndpoint._doAccept(LanguageServerEndpoint.xtend:204)
	at io.typefox.lsapi.services.transport.server.LanguageServerEndpoint.doAccept(LanguageServerEndpoint.xtend:194)
	at io.typefox.lsapi.services.transport.server.LanguageServerEndpoint.accept(LanguageServerEndpoint.xtend:114)
	at io.typefox.lsapi.services.transport.server.LanguageServerEndpoint.accept(LanguageServerEndpoint.xtend)
	at io.typefox.lsapi.services.transport.AbstractLanguageEndpoint.handleMessage(LanguageEndpoint.xtend:67)
	at io.typefox.lsapi.services.transport.AbstractLanguageEndpoint.lambda$connect$4(LanguageEndpoint.xtend:61)
	at io.typefox.lsapi.services.json.StreamMessageReader$1.apply(StreamMessageReader.java:46)
	at io.typefox.lsapi.services.json.StreamMessageReader$1.apply(StreamMessageReader.java:44)
	at io.typefox.lsapi.services.json.StreamMessageReader.handleMessage(StreamMessageReader.xtend:128)
	at io.typefox.lsapi.services.json.StreamMessageReader.listen(StreamMessageReader.xtend:61)
	at io.typefox.lsapi.services.transport.AbstractLanguageEndpoint.connect(LanguageEndpoint.xtend:60)
	at org.javacs.Main.run(Main.java:150)
	at org.javacs.Main.main(Main.java:69)
Caused by: java.io.IOException: Cannot run program "mvn" (in directory "/Users/kelleyperry/Projects/shoppingcart"): error=2, No such file or directory
	at java.lang.ProcessBuilder.start(ProcessBuilder.java:1048)
	at java.lang.Runtime.exec(Runtime.java:620)
	at java.lang.Runtime.exec(Runtime.java:450)
	at org.javacs.JavaLanguageServer.buildClassPath(JavaLanguageServer.java:586)
	... 20 more
Caused by: java.io.IOException: error=2, No such file or directory
	at java.lang.UNIXProcess.forkAndExec(Native Method)
	at java.lang.UNIXProcess.<init>(UNIXProcess.java:247)
	at java.lang.ProcessImpl.start(ProcessImpl.java:134)
	at java.lang.ProcessBuilder.start(ProcessBuilder.java:1029)
	... 23 more

INFO	?	main	2017-03-19T18:02:30.669Z	org.javacs.JavaLanguageServer#buildClassPath	Emit classpath to /var/folders/xl/mxj3rlzd5q3_2b_f2thrtl2m0000gn/T/classpath5015413720016158801.txt
SEVERE	?	main	2017-03-19T18:02:30.671Z	org.javacs.Main$4#onError	java.io.IOException: Cannot run program "mvn" (in directory "/Users/kelleyperry/Projects/shoppingcart"): error=2, No such file or directory
java.lang.RuntimeException: java.io.IOException: Cannot run program "mvn" (in directory "/Users/kelleyperry/Projects/shoppingcart"): error=2, No such file or directory
	at org.javacs.JavaLanguageServer.buildClassPath(JavaLanguageServer.java:593)
	at org.javacs.JavaLanguageServer.readIfConfig(JavaLanguageServer.java:556)
	at org.javacs.JavaLanguageServer.doFindConfig(JavaLanguageServer.java:525)
	at java.util.HashMap.computeIfAbsent(HashMap.java:1126)
	at org.javacs.JavaLanguageServer.findConfig(JavaLanguageServer.java:517)
	at org.javacs.JavaLanguageServer.findCompiler(JavaLanguageServer.java:477)
	at org.javacs.JavaLanguageServer.findTree(JavaLanguageServer.java:809)
	at org.javacs.JavaLanguageServer.lambda$doHover$34(JavaLanguageServer.java:983)
	at java.util.Optional.ifPresent(Optional.java:159)
	at org.javacs.JavaLanguageServer.doHover(JavaLanguageServer.java:982)
	at org.javacs.JavaLanguageServer.access$000(JavaLanguageServer.java:31)
	at org.javacs.JavaLanguageServer$1.hover(JavaLanguageServer.java:118)
	at io.typefox.lsapi.services.transport.server.LanguageServerEndpoint._doAccept(LanguageServerEndpoint.xtend:130)
	at io.typefox.lsapi.services.transport.server.LanguageServerEndpoint.doAccept(LanguageServerEndpoint.xtend:117)
	at io.typefox.lsapi.services.transport.server.LanguageServerEndpoint.accept(LanguageServerEndpoint.xtend:114)
	at io.typefox.lsapi.services.transport.server.LanguageServerEndpoint.accept(LanguageServerEndpoint.xtend)
	at io.typefox.lsapi.services.transport.AbstractLanguageEndpoint.handleMessage(LanguageEndpoint.xtend:67)
	at io.typefox.lsapi.services.transport.AbstractLanguageEndpoint.lambda$connect$4(LanguageEndpoint.xtend:61)
	at io.typefox.lsapi.services.json.StreamMessageReader$1.apply(StreamMessageReader.java:46)
	at io.typefox.lsapi.services.json.StreamMessageReader$1.apply(StreamMessageReader.java:44)
	at io.typefox.lsapi.services.json.StreamMessageReader.handleMessage(StreamMessageReader.xtend:128)
	at io.typefox.lsapi.services.json.StreamMessageReader.listen(StreamMessageReader.xtend:61)
	at io.typefox.lsapi.services.transport.AbstractLanguageEndpoint.connect(LanguageEndpoint.xtend:60)
	at org.javacs.Main.run(Main.java:150)
	at org.javacs.Main.main(Main.java:69)
Caused by: java.io.IOException: Cannot run program "mvn" (in directory "/Users/kelleyperry/Projects/shoppingcart"): error=2, No such file or directory
	at java.lang.ProcessBuilder.start(ProcessBuilder.java:1048)
	at java.lang.Runtime.exec(Runtime.java:620)
	at java.lang.Runtime.exec(Runtime.java:450)
	at org.javacs.JavaLanguageServer.buildClassPath(JavaLanguageServer.java:586)
	... 24 more
Caused by: java.io.IOException: error=2, No such file or directory
	at java.lang.UNIXProcess.forkAndExec(Native Method)
	at java.lang.UNIXProcess.<init>(UNIXProcess.java:247)
	at java.lang.ProcessImpl.start(ProcessImpl.java:134)
	at java.lang.ProcessBuilder.start(ProcessBuilder.java:1029)
	... 27 more

INFO	?	main	2017-03-19T18:02:30.871Z	org.javacs.JavaLanguageServer#buildClassPath	Emit classpath to /var/folders/xl/mxj3rlzd5q3_2b_f2thrtl2m0000gn/T/classpath7545352359938930944.txt
SEVERE	?	main	2017-03-19T18:02:30.875Z	org.javacs.Main$4#onError	java.io.IOException: Cannot run program "mvn" (in directory "/Users/kelleyperry/Projects/shoppingcart"): error=2, No such file or directory
java.lang.RuntimeException: java.io.IOException: Cannot run program "mvn" (in directory "/Users/kelleyperry/Projects/shoppingcart"): error=2, No such file or directory
	at org.javacs.JavaLanguageServer.buildClassPath(JavaLanguageServer.java:593)
	at org.javacs.JavaLanguageServer.readIfConfig(JavaLanguageServer.java:556)
	at org.javacs.JavaLanguageServer.doFindConfig(JavaLanguageServer.java:525)
	at java.util.HashMap.computeIfAbsent(HashMap.java:1126)
	at org.javacs.JavaLanguageServer.findConfig(JavaLanguageServer.java:517)
	at org.javacs.JavaLanguageServer.findCompiler(JavaLanguageServer.java:477)
	at org.javacs.JavaLanguageServer.findTree(JavaLanguageServer.java:809)
	at org.javacs.JavaLanguageServer.lambda$doHover$34(JavaLanguageServer.java:983)
	at java.util.Optional.ifPresent(Optional.java:159)
	at org.javacs.JavaLanguageServer.doHover(JavaLanguageServer.java:982)
	at org.javacs.JavaLanguageServer.access$000(JavaLanguageServer.java:31)
	at org.javacs.JavaLanguageServer$1.hover(JavaLanguageServer.java:118)
	at io.typefox.lsapi.services.transport.server.LanguageServerEndpoint._doAccept(LanguageServerEndpoint.xtend:130)
	at io.typefox.lsapi.services.transport.server.LanguageServerEndpoint.doAccept(LanguageServerEndpoint.xtend:117)
	at io.typefox.lsapi.services.transport.server.LanguageServerEndpoint.accept(LanguageServerEndpoint.xtend:114)
	at io.typefox.lsapi.services.transport.server.LanguageServerEndpoint.accept(LanguageServerEndpoint.xtend)
	at io.typefox.lsapi.services.transport.AbstractLanguageEndpoint.handleMessage(LanguageEndpoint.xtend:67)
	at io.typefox.lsapi.services.transport.AbstractLanguageEndpoint.lambda$connect$4(LanguageEndpoint.xtend:61)
	at io.typefox.lsapi.services.json.StreamMessageReader$1.apply(StreamMessageReader.java:46)
	at io.typefox.lsapi.services.json.StreamMessageReader$1.apply(StreamMessageReader.java:44)
	at io.typefox.lsapi.services.json.StreamMessageReader.handleMessage(StreamMessageReader.xtend:128)
	at io.typefox.lsapi.services.json.StreamMessageReader.listen(StreamMessageReader.xtend:61)
	at io.typefox.lsapi.services.transport.AbstractLanguageEndpoint.connect(LanguageEndpoint.xtend:60)
	at org.javacs.Main.run(Main.java:150)
	at org.javacs.Main.main(Main.java:69)
Caused by: java.io.IOException: Cannot run program "mvn" (in directory "/Users/kelleyperry/Projects/shoppingcart"): error=2, No such file or directory
	at java.lang.ProcessBuilder.start(ProcessBuilder.java:1048)
	at java.lang.Runtime.exec(Runtime.java:620)
	at java.lang.Runtime.exec(Runtime.java:450)
	at org.javacs.JavaLanguageServer.buildClassPath(JavaLanguageServer.java:586)
	... 24 more
Caused by: java.io.IOException: error=2, No such file or directory
	at java.lang.UNIXProcess.forkAndExec(Native Method)
	at java.lang.UNIXProcess.<init>(UNIXProcess.java:247)
	at java.lang.ProcessImpl.start(ProcessImpl.java:134)
	at java.lang.ProcessBuilder.start(ProcessBuilder.java:1029)
	... 27 more

INFO	?	main	2017-03-19T18:02:35.171Z	org.javacs.JavaLanguageServer#buildClassPath	Emit classpath to /var/folders/xl/mxj3rlzd5q3_2b_f2thrtl2m0000gn/T/classpath137982309737583497.txt
SEVERE	?	main	2017-03-19T18:02:35.173Z	org.javacs.Main$4#onError	java.io.IOException: Cannot run program "mvn" (in directory "/Users/kelleyperry/Projects/shoppingcart"): error=2, No such file or directory
java.lang.RuntimeException: java.io.IOException: Cannot run program "mvn" (in directory "/Users/kelleyperry/Projects/shoppingcart"): error=2, No such file or directory
	at org.javacs.JavaLanguageServer.buildClassPath(JavaLanguageServer.java:593)
	at org.javacs.JavaLanguageServer.readIfConfig(JavaLanguageServer.java:556)
	at org.javacs.JavaLanguageServer.doFindConfig(JavaLanguageServer.java:525)
	at java.util.HashMap.computeIfAbsent(HashMap.java:1126)
	at org.javacs.JavaLanguageServer.findConfig(JavaLanguageServer.java:517)
	at org.javacs.JavaLanguageServer.findCompiler(JavaLanguageServer.java:477)
	at org.javacs.JavaLanguageServer.findTree(JavaLanguageServer.java:809)
	at org.javacs.JavaLanguageServer.lambda$doHover$34(JavaLanguageServer.java:983)
	at java.util.Optional.ifPresent(Optional.java:159)
	at org.javacs.JavaLanguageServer.doHover(JavaLanguageServer.java:982)
	at org.javacs.JavaLanguageServer.access$000(JavaLanguageServer.java:31)
	at org.javacs.JavaLanguageServer$1.hover(JavaLanguageServer.java:118)
	at io.typefox.lsapi.services.transport.server.LanguageServerEndpoint._doAccept(LanguageServerEndpoint.xtend:130)
	at io.typefox.lsapi.services.transport.server.LanguageServerEndpoint.doAccept(LanguageServerEndpoint.xtend:117)
	at io.typefox.lsapi.services.transport.server.LanguageServerEndpoint.accept(LanguageServerEndpoint.xtend:114)
	at io.typefox.lsapi.services.transport.server.LanguageServerEndpoint.accept(LanguageServerEndpoint.xtend)
	at io.typefox.lsapi.services.transport.AbstractLanguageEndpoint.handleMessage(LanguageEndpoint.xtend:67)
	at io.typefox.lsapi.services.transport.AbstractLanguageEndpoint.lambda$connect$4(LanguageEndpoint.xtend:61)
	at io.typefox.lsapi.services.json.StreamMessageReader$1.apply(StreamMessageReader.java:46)
	at io.typefox.lsapi.services.json.StreamMessageReader$1.apply(StreamMessageReader.java:44)
	at io.typefox.lsapi.services.json.StreamMessageReader.handleMessage(StreamMessageReader.xtend:128)
	at io.typefox.lsapi.services.json.StreamMessageReader.listen(StreamMessageReader.xtend:61)
	at io.typefox.lsapi.services.transport.AbstractLanguageEndpoint.connect(LanguageEndpoint.xtend:60)
	at org.javacs.Main.run(Main.java:150)
	at org.javacs.Main.main(Main.java:69)
Caused by: java.io.IOException: Cannot run program "mvn" (in directory "/Users/kelleyperry/Projects/shoppingcart"): error=2, No such file or directory
	at java.lang.ProcessBuilder.start(ProcessBuilder.java:1048)
	at java.lang.Runtime.exec(Runtime.java:620)
	at java.lang.Runtime.exec(Runtime.java:450)
	at org.javacs.JavaLanguageServer.buildClassPath(JavaLanguageServer.java:586)
	... 24 more
Caused by: java.io.IOException: error=2, No such file or directory
	at java.lang.UNIXProcess.forkAndExec(Native Method)
	at java.lang.UNIXProcess.<init>(UNIXProcess.java:247)
	at java.lang.ProcessImpl.start(ProcessImpl.java:134)
	at java.lang.ProcessBuilder.start(ProcessBuilder.java:1029)
	... 27 more

INFO	?	main	2017-03-19T18:02:35.472Z	org.javacs.JavaLanguageServer#buildClassPath	Emit classpath to /var/folders/xl/mxj3rlzd5q3_2b_f2thrtl2m0000gn/T/classpath2688632555911944322.txt
SEVERE	?	main	2017-03-19T18:02:35.475Z	org.javacs.Main$4#onError	java.io.IOException: Cannot run program "mvn" (in directory "/Users/kelleyperry/Projects/shoppingcart"): error=2, No such file or directory
java.lang.RuntimeException: java.io.IOException: Cannot run program "mvn" (in directory "/Users/kelleyperry/Projects/shoppingcart"): error=2, No such file or directory
	at org.javacs.JavaLanguageServer.buildClassPath(JavaLanguageServer.java:593)
	at org.javacs.JavaLanguageServer.readIfConfig(JavaLanguageServer.java:556)
	at org.javacs.JavaLanguageServer.doFindConfig(JavaLanguageServer.java:525)
	at java.util.HashMap.computeIfAbsent(HashMap.java:1126)
	at org.javacs.JavaLanguageServer.findConfig(JavaLanguageServer.java:517)
	at org.javacs.JavaLanguageServer.findCompiler(JavaLanguageServer.java:477)
	at org.javacs.JavaLanguageServer.findTree(JavaLanguageServer.java:809)
	at org.javacs.JavaLanguageServer.lambda$doHover$34(JavaLanguageServer.java:983)
	at java.util.Optional.ifPresent(Optional.java:159)
	at org.javacs.JavaLanguageServer.doHover(JavaLanguageServer.java:982)
	at org.javacs.JavaLanguageServer.access$000(JavaLanguageServer.java:31)
	at org.javacs.JavaLanguageServer$1.hover(JavaLanguageServer.java:118)
	at io.typefox.lsapi.services.transport.server.LanguageServerEndpoint._doAccept(LanguageServerEndpoint.xtend:130)
	at io.typefox.lsapi.services.transport.server.LanguageServerEndpoint.doAccept(LanguageServerEndpoint.xtend:117)
	at io.typefox.lsapi.services.transport.server.LanguageServerEndpoint.accept(LanguageServerEndpoint.xtend:114)
	at io.typefox.lsapi.services.transport.server.LanguageServerEndpoint.accept(LanguageServerEndpoint.xtend)
	at io.typefox.lsapi.services.transport.AbstractLanguageEndpoint.handleMessage(LanguageEndpoint.xtend:67)
	at io.typefox.lsapi.services.transport.AbstractLanguageEndpoint.lambda$connect$4(LanguageEndpoint.xtend:61)
	at io.typefox.lsapi.services.json.StreamMessageReader$1.apply(StreamMessageReader.java:46)
	at io.typefox.lsapi.services.json.StreamMessageReader$1.apply(StreamMessageReader.java:44)
	at io.typefox.lsapi.services.json.StreamMessageReader.handleMessage(StreamMessageReader.xtend:128)
	at io.typefox.lsapi.services.json.StreamMessageReader.listen(StreamMessageReader.xtend:61)
	at io.typefox.lsapi.services.transport.AbstractLanguageEndpoint.connect(LanguageEndpoint.xtend:60)
	at org.javacs.Main.run(Main.java:150)
	at org.javacs.Main.main(Main.java:69)
Caused by: java.io.IOException: Cannot run program "mvn" (in directory "/Users/kelleyperry/Projects/shoppingcart"): error=2, No such file or directory
	at java.lang.ProcessBuilder.start(ProcessBuilder.java:1048)
	at java.lang.Runtime.exec(Runtime.java:620)
	at java.lang.Runtime.exec(Runtime.java:450)
	at org.javacs.JavaLanguageServer.buildClassPath(JavaLanguageServer.java:586)
	... 24 more
Caused by: java.io.IOException: error=2, No such file or directory
	at java.lang.UNIXProcess.forkAndExec(Native Method)
	at java.lang.UNIXProcess.<init>(UNIXProcess.java:247)
	at java.lang.ProcessImpl.start(ProcessImpl.java:134)
	at java.lang.ProcessBuilder.start(ProcessBuilder.java:1029)
	... 27 more

INFO	?	main	2017-03-19T18:02:36.014Z	org.javacs.JavaLanguageServer#buildClassPath	Emit classpath to /var/folders/xl/mxj3rlzd5q3_2b_f2thrtl2m0000gn/T/classpath5668974566617819157.txt
SEVERE	?	main	2017-03-19T18:02:36.017Z	org.javacs.Main$4#onError	java.io.IOException: Cannot run program "mvn" (in directory "/Users/kelleyperry/Projects/shoppingcart"): error=2, No such file or directory
java.lang.RuntimeException: java.io.IOException: Cannot run program "mvn" (in directory "/Users/kelleyperry/Projects/shoppingcart"): error=2, No such file or directory
	at org.javacs.JavaLanguageServer.buildClassPath(JavaLanguageServer.java:593)
	at org.javacs.JavaLanguageServer.readIfConfig(JavaLanguageServer.java:556)
	at org.javacs.JavaLanguageServer.doFindConfig(JavaLanguageServer.java:525)
	at java.util.HashMap.computeIfAbsent(HashMap.java:1126)
	at org.javacs.JavaLanguageServer.findConfig(JavaLanguageServer.java:517)
	at org.javacs.JavaLanguageServer.findCompiler(JavaLanguageServer.java:477)
	at org.javacs.JavaLanguageServer.findTree(JavaLanguageServer.java:809)
	at org.javacs.JavaLanguageServer.lambda$doHover$34(JavaLanguageServer.java:983)
	at java.util.Optional.ifPresent(Optional.java:159)
	at org.javacs.JavaLanguageServer.doHover(JavaLanguageServer.java:982)
	at org.javacs.JavaLanguageServer.access$000(JavaLanguageServer.java:31)
	at org.javacs.JavaLanguageServer$1.hover(JavaLanguageServer.java:118)
	at io.typefox.lsapi.services.transport.server.LanguageServerEndpoint._doAccept(LanguageServerEndpoint.xtend:130)
	at io.typefox.lsapi.services.transport.server.LanguageServerEndpoint.doAccept(LanguageServerEndpoint.xtend:117)
	at io.typefox.lsapi.services.transport.server.LanguageServerEndpoint.accept(LanguageServerEndpoint.xtend:114)
	at io.typefox.lsapi.services.transport.server.LanguageServerEndpoint.accept(LanguageServerEndpoint.xtend)
	at io.typefox.lsapi.services.transport.AbstractLanguageEndpoint.handleMessage(LanguageEndpoint.xtend:67)
	at io.typefox.lsapi.services.transport.AbstractLanguageEndpoint.lambda$connect$4(LanguageEndpoint.xtend:61)
	at io.typefox.lsapi.services.json.StreamMessageReader$1.apply(StreamMessageReader.java:46)
	at io.typefox.lsapi.services.json.StreamMessageReader$1.apply(StreamMessageReader.java:44)
	at io.typefox.lsapi.services.json.StreamMessageReader.handleMessage(StreamMessageReader.xtend:128)
	at io.typefox.lsapi.services.json.StreamMessageReader.listen(StreamMessageReader.xtend:61)
	at io.typefox.lsapi.services.transport.AbstractLanguageEndpoint.connect(LanguageEndpoint.xtend:60)
	at org.javacs.Main.run(Main.java:150)
	at org.javacs.Main.main(Main.java:69)
Caused by: java.io.IOException: Cannot run program "mvn" (in directory "/Users/kelleyperry/Projects/shoppingcart"): error=2, No such file or directory
	at java.lang.ProcessBuilder.start(ProcessBuilder.java:1048)
	at java.lang.Runtime.exec(Runtime.java:620)
	at java.lang.Runtime.exec(Runtime.java:450)
	at org.javacs.JavaLanguageServer.buildClassPath(JavaLanguageServer.java:586)
	... 24 more
Caused by: java.io.IOException: error=2, No such file or directory
	at java.lang.UNIXProcess.forkAndExec(Native Method)
	at java.lang.UNIXProcess.<init>(UNIXProcess.java:247)
	at java.lang.ProcessImpl.start(ProcessImpl.java:134)
	at java.lang.ProcessBuilder.start(ProcessBuilder.java:1029)
	... 27 more

INFO	?	main	2017-03-19T18:02:38.154Z	org.javacs.JavaLanguageServer#buildClassPath	Emit classpath to /var/folders/xl/mxj3rlzd5q3_2b_f2thrtl2m0000gn/T/classpath2238991543452628794.txt
SEVERE	?	main	2017-03-19T18:02:38.156Z	org.javacs.Main$4#onError	java.io.IOException: Cannot run program "mvn" (in directory "/Users/kelleyperry/Projects/shoppingcart"): error=2, No such file or directory
java.lang.RuntimeException: java.io.IOException: Cannot run program "mvn" (in directory "/Users/kelleyperry/Projects/shoppingcart"): error=2, No such file or directory
	at org.javacs.JavaLanguageServer.buildClassPath(JavaLanguageServer.java:593)
	at org.javacs.JavaLanguageServer.readIfConfig(JavaLanguageServer.java:556)
	at org.javacs.JavaLanguageServer.doFindConfig(JavaLanguageServer.java:525)
	at java.util.HashMap.computeIfAbsent(HashMap.java:1126)
	at org.javacs.JavaLanguageServer.findConfig(JavaLanguageServer.java:517)
	at org.javacs.JavaLanguageServer.findCompiler(JavaLanguageServer.java:477)
	at org.javacs.JavaLanguageServer.findTree(JavaLanguageServer.java:809)
	at org.javacs.JavaLanguageServer.lambda$doHover$34(JavaLanguageServer.java:983)
	at java.util.Optional.ifPresent(Optional.java:159)
	at org.javacs.JavaLanguageServer.doHover(JavaLanguageServer.java:982)
	at org.javacs.JavaLanguageServer.access$000(JavaLanguageServer.java:31)
	at org.javacs.JavaLanguageServer$1.hover(JavaLanguageServer.java:118)
	at io.typefox.lsapi.services.transport.server.LanguageServerEndpoint._doAccept(LanguageServerEndpoint.xtend:130)
	at io.typefox.lsapi.services.transport.server.LanguageServerEndpoint.doAccept(LanguageServerEndpoint.xtend:117)
	at io.typefox.lsapi.services.transport.server.LanguageServerEndpoint.accept(LanguageServerEndpoint.xtend:114)
	at io.typefox.lsapi.services.transport.server.LanguageServerEndpoint.accept(LanguageServerEndpoint.xtend)
	at io.typefox.lsapi.services.transport.AbstractLanguageEndpoint.handleMessage(LanguageEndpoint.xtend:67)
	at io.typefox.lsapi.services.transport.AbstractLanguageEndpoint.lambda$connect$4(LanguageEndpoint.xtend:61)
	at io.typefox.lsapi.services.json.StreamMessageReader$1.apply(StreamMessageReader.java:46)
	at io.typefox.lsapi.services.json.StreamMessageReader$1.apply(StreamMessageReader.java:44)
	at io.typefox.lsapi.services.json.StreamMessageReader.handleMessage(StreamMessageReader.xtend:128)
	at io.typefox.lsapi.services.json.StreamMessageReader.listen(StreamMessageReader.xtend:61)
	at io.typefox.lsapi.services.transport.AbstractLanguageEndpoint.connect(LanguageEndpoint.xtend:60)
	at org.javacs.Main.run(Main.java:150)
	at org.javacs.Main.main(Main.java:69)
Caused by: java.io.IOException: Cannot run program "mvn" (in directory "/Users/kelleyperry/Projects/shoppingcart"): error=2, No such file or directory
	at java.lang.ProcessBuilder.start(ProcessBuilder.java:1048)
	at java.lang.Runtime.exec(Runtime.java:620)
	at java.lang.Runtime.exec(Runtime.java:450)
	at org.javacs.JavaLanguageServer.buildClassPath(JavaLanguageServer.java:586)
	... 24 more
Caused by: java.io.IOException: error=2, No such file or directory
	at java.lang.UNIXProcess.forkAndExec(Native Method)
	at java.lang.UNIXProcess.<init>(UNIXProcess.java:247)
	at java.lang.ProcessImpl.start(ProcessImpl.java:134)
	at java.lang.ProcessBuilder.start(ProcessBuilder.java:1029)
	... 27 more

INFO	?	main	2017-03-19T18:02:40.910Z	org.javacs.JavaLanguageServer#doLint	Lint [/Users/kelleyperry/Projects/shoppingcart/src/main/java/com/pusher/web/IndexController.java, /Users/kelleyperry/Projects/shoppingcart/src/main/java/com/shoppingcart/ShoppingcartApplication.java]
INFO	?	main	2017-03-19T18:02:40.910Z	org.javacs.JavaLanguageServer#buildClassPath	Emit classpath to /var/folders/xl/mxj3rlzd5q3_2b_f2thrtl2m0000gn/T/classpath5473105460893251362.txt
SEVERE	?	main	2017-03-19T18:02:40.913Z	org.javacs.Main$4#onError	java.io.IOException: Cannot run program "mvn" (in directory "/Users/kelleyperry/Projects/shoppingcart"): error=2, No such file or directory
java.lang.RuntimeException: java.io.IOException: Cannot run program "mvn" (in directory "/Users/kelleyperry/Projects/shoppingcart"): error=2, No such file or directory
	at org.javacs.JavaLanguageServer.buildClassPath(JavaLanguageServer.java:593)
	at org.javacs.JavaLanguageServer.readIfConfig(JavaLanguageServer.java:556)
	at org.javacs.JavaLanguageServer.doFindConfig(JavaLanguageServer.java:525)
	at java.util.HashMap.computeIfAbsent(HashMap.java:1126)
	at org.javacs.JavaLanguageServer.findConfig(JavaLanguageServer.java:517)
	at org.javacs.JavaLanguageServer.doLint(JavaLanguageServer.java:315)
	at org.javacs.JavaLanguageServer.access$800(JavaLanguageServer.java:31)
	at org.javacs.JavaLanguageServer$1.didSave(JavaLanguageServer.java:247)
	at io.typefox.lsapi.services.transport.server.LanguageServerEndpoint._doAccept(LanguageServerEndpoint.xtend:204)
	at io.typefox.lsapi.services.transport.server.LanguageServerEndpoint.doAccept(LanguageServerEndpoint.xtend:194)
	at io.typefox.lsapi.services.transport.server.LanguageServerEndpoint.accept(LanguageServerEndpoint.xtend:114)
	at io.typefox.lsapi.services.transport.server.LanguageServerEndpoint.accept(LanguageServerEndpoint.xtend)
	at io.typefox.lsapi.services.transport.AbstractLanguageEndpoint.handleMessage(LanguageEndpoint.xtend:67)
	at io.typefox.lsapi.services.transport.AbstractLanguageEndpoint.lambda$connect$4(LanguageEndpoint.xtend:61)
	at io.typefox.lsapi.services.json.StreamMessageReader$1.apply(StreamMessageReader.java:46)
	at io.typefox.lsapi.services.json.StreamMessageReader$1.apply(StreamMessageReader.java:44)
	at io.typefox.lsapi.services.json.StreamMessageReader.handleMessage(StreamMessageReader.xtend:128)
	at io.typefox.lsapi.services.json.StreamMessageReader.listen(StreamMessageReader.xtend:61)
	at io.typefox.lsapi.services.transport.AbstractLanguageEndpoint.connect(LanguageEndpoint.xtend:60)
	at org.javacs.Main.run(Main.java:150)
	at org.javacs.Main.main(Main.java:69)
Caused by: java.io.IOException: Cannot run program "mvn" (in directory "/Users/kelleyperry/Projects/shoppingcart"): error=2, No such file or directory
	at java.lang.ProcessBuilder.start(ProcessBuilder.java:1048)
	at java.lang.Runtime.exec(Runtime.java:620)
	at java.lang.Runtime.exec(Runtime.java:450)
	at org.javacs.JavaLanguageServer.buildClassPath(JavaLanguageServer.java:586)
	... 20 more
Caused by: java.io.IOException: error=2, No such file or directory
	at java.lang.UNIXProcess.forkAndExec(Native Method)
	at java.lang.UNIXProcess.<init>(UNIXProcess.java:247)
	at java.lang.ProcessImpl.start(ProcessImpl.java:134)
	at java.lang.ProcessBuilder.start(ProcessBuilder.java:1029)
	... 23 more

INFO	?	main	2017-03-19T18:02:41.992Z	org.javacs.JavaLanguageServer#buildClassPath	Emit classpath to /var/folders/xl/mxj3rlzd5q3_2b_f2thrtl2m0000gn/T/classpath9002000292221993856.txt
SEVERE	?	main	2017-03-19T18:02:41.995Z	org.javacs.Main$4#onError	java.io.IOException: Cannot run program "mvn" (in directory "/Users/kelleyperry/Projects/shoppingcart"): error=2, No such file or directory
java.lang.RuntimeException: java.io.IOException: Cannot run program "mvn" (in directory "/Users/kelleyperry/Projects/shoppingcart"): error=2, No such file or directory
	at org.javacs.JavaLanguageServer.buildClassPath(JavaLanguageServer.java:593)
	at org.javacs.JavaLanguageServer.readIfConfig(JavaLanguageServer.java:556)
	at org.javacs.JavaLanguageServer.doFindConfig(JavaLanguageServer.java:525)
	at java.util.HashMap.computeIfAbsent(HashMap.java:1126)
	at org.javacs.JavaLanguageServer.findConfig(JavaLanguageServer.java:517)
	at org.javacs.JavaLanguageServer.findCompiler(JavaLanguageServer.java:477)
	at org.javacs.JavaLanguageServer.findTree(JavaLanguageServer.java:809)
	at org.javacs.JavaLanguageServer.lambda$doHover$34(JavaLanguageServer.java:983)
	at java.util.Optional.ifPresent(Optional.java:159)
	at org.javacs.JavaLanguageServer.doHover(JavaLanguageServer.java:982)
	at org.javacs.JavaLanguageServer.access$000(JavaLanguageServer.java:31)
	at org.javacs.JavaLanguageServer$1.hover(JavaLanguageServer.java:118)
	at io.typefox.lsapi.services.transport.server.LanguageServerEndpoint._doAccept(LanguageServerEndpoint.xtend:130)
	at io.typefox.lsapi.services.transport.server.LanguageServerEndpoint.doAccept(LanguageServerEndpoint.xtend:117)
	at io.typefox.lsapi.services.transport.server.LanguageServerEndpoint.accept(LanguageServerEndpoint.xtend:114)
	at io.typefox.lsapi.services.transport.server.LanguageServerEndpoint.accept(LanguageServerEndpoint.xtend)
	at io.typefox.lsapi.services.transport.AbstractLanguageEndpoint.handleMessage(LanguageEndpoint.xtend:67)
	at io.typefox.lsapi.services.transport.AbstractLanguageEndpoint.lambda$connect$4(LanguageEndpoint.xtend:61)
	at io.typefox.lsapi.services.json.StreamMessageReader$1.apply(StreamMessageReader.java:46)
	at io.typefox.lsapi.services.json.StreamMessageReader$1.apply(StreamMessageReader.java:44)
	at io.typefox.lsapi.services.json.StreamMessageReader.handleMessage(StreamMessageReader.xtend:128)
	at io.typefox.lsapi.services.json.StreamMessageReader.listen(StreamMessageReader.xtend:61)
	at io.typefox.lsapi.services.transport.AbstractLanguageEndpoint.connect(LanguageEndpoint.xtend:60)
	at org.javacs.Main.run(Main.java:150)
	at org.javacs.Main.main(Main.java:69)
Caused by: java.io.IOException: Cannot run program "mvn" (in directory "/Users/kelleyperry/Projects/shoppingcart"): error=2, No such file or directory
	at java.lang.ProcessBuilder.start(ProcessBuilder.java:1048)
	at java.lang.Runtime.exec(Runtime.java:620)
	at java.lang.Runtime.exec(Runtime.java:450)
	at org.javacs.JavaLanguageServer.buildClassPath(JavaLanguageServer.java:586)
	... 24 more
Caused by: java.io.IOException: error=2, No such file or directory
	at java.lang.UNIXProcess.forkAndExec(Native Method)
	at java.lang.UNIXProcess.<init>(UNIXProcess.java:247)
	at java.lang.ProcessImpl.start(ProcessImpl.java:134)
	at java.lang.ProcessBuilder.start(ProcessBuilder.java:1029)
	... 27 more

INFO	?	main	2017-03-19T18:02:47.027Z	org.javacs.JavaLanguageServer#buildClassPath	Emit classpath to /var/folders/xl/mxj3rlzd5q3_2b_f2thrtl2m0000gn/T/classpath4499639031859010638.txt
SEVERE	?	main	2017-03-19T18:02:47.030Z	org.javacs.Main$4#onError	java.io.IOException: Cannot run program "mvn" (in directory "/Users/kelleyperry/Projects/shoppingcart"): error=2, No such file or directory
java.lang.RuntimeException: java.io.IOException: Cannot run program "mvn" (in directory "/Users/kelleyperry/Projects/shoppingcart"): error=2, No such file or directory
	at org.javacs.JavaLanguageServer.buildClassPath(JavaLanguageServer.java:593)
	at org.javacs.JavaLanguageServer.readIfConfig(JavaLanguageServer.java:556)
	at org.javacs.JavaLanguageServer.doFindConfig(JavaLanguageServer.java:525)
	at java.util.HashMap.computeIfAbsent(HashMap.java:1126)
	at org.javacs.JavaLanguageServer.findConfig(JavaLanguageServer.java:517)
	at org.javacs.JavaLanguageServer.findCompiler(JavaLanguageServer.java:477)
	at org.javacs.JavaLanguageServer.findTree(JavaLanguageServer.java:809)
	at org.javacs.JavaLanguageServer.lambda$doHover$34(JavaLanguageServer.java:983)
	at java.util.Optional.ifPresent(Optional.java:159)
	at org.javacs.JavaLanguageServer.doHover(JavaLanguageServer.java:982)
	at org.javacs.JavaLanguageServer.access$000(JavaLanguageServer.java:31)
	at org.javacs.JavaLanguageServer$1.hover(JavaLanguageServer.java:118)
	at io.typefox.lsapi.services.transport.server.LanguageServerEndpoint._doAccept(LanguageServerEndpoint.xtend:130)
	at io.typefox.lsapi.services.transport.server.LanguageServerEndpoint.doAccept(LanguageServerEndpoint.xtend:117)
	at io.typefox.lsapi.services.transport.server.LanguageServerEndpoint.accept(LanguageServerEndpoint.xtend:114)
	at io.typefox.lsapi.services.transport.server.LanguageServerEndpoint.accept(LanguageServerEndpoint.xtend)
	at io.typefox.lsapi.services.transport.AbstractLanguageEndpoint.handleMessage(LanguageEndpoint.xtend:67)
	at io.typefox.lsapi.services.transport.AbstractLanguageEndpoint.lambda$connect$4(LanguageEndpoint.xtend:61)
	at io.typefox.lsapi.services.json.StreamMessageReader$1.apply(StreamMessageReader.java:46)
	at io.typefox.lsapi.services.json.StreamMessageReader$1.apply(StreamMessageReader.java:44)
	at io.typefox.lsapi.services.json.StreamMessageReader.handleMessage(StreamMessageReader.xtend:128)
	at io.typefox.lsapi.services.json.StreamMessageReader.listen(StreamMessageReader.xtend:61)
	at io.typefox.lsapi.services.transport.AbstractLanguageEndpoint.connect(LanguageEndpoint.xtend:60)
	at org.javacs.Main.run(Main.java:150)
	at org.javacs.Main.main(Main.java:69)
Caused by: java.io.IOException: Cannot run program "mvn" (in directory "/Users/kelleyperry/Projects/shoppingcart"): error=2, No such file or directory
	at java.lang.ProcessBuilder.start(ProcessBuilder.java:1048)
	at java.lang.Runtime.exec(Runtime.java:620)
	at java.lang.Runtime.exec(Runtime.java:450)
	at org.javacs.JavaLanguageServer.buildClassPath(JavaLanguageServer.java:586)
	... 24 more
Caused by: java.io.IOException: error=2, No such file or directory
	at java.lang.UNIXProcess.forkAndExec(Native Method)
	at java.lang.UNIXProcess.<init>(UNIXProcess.java:247)
	at java.lang.ProcessImpl.start(ProcessImpl.java:134)
	at java.lang.ProcessBuilder.start(ProcessBuilder.java:1029)
	... 27 more

INFO	?	main	2017-03-19T18:02:48.027Z	org.javacs.JavaLanguageServer#buildClassPath	Emit classpath to /var/folders/xl/mxj3rlzd5q3_2b_f2thrtl2m0000gn/T/classpath8480097054656668372.txt
SEVERE	?	main	2017-03-19T18:02:48.030Z	org.javacs.Main$4#onError	java.io.IOException: Cannot run program "mvn" (in directory "/Users/kelleyperry/Projects/shoppingcart"): error=2, No such file or directory
java.lang.RuntimeException: java.io.IOException: Cannot run program "mvn" (in directory "/Users/kelleyperry/Projects/shoppingcart"): error=2, No such file or directory
	at org.javacs.JavaLanguageServer.buildClassPath(JavaLanguageServer.java:593)
	at org.javacs.JavaLanguageServer.readIfConfig(JavaLanguageServer.java:556)
	at org.javacs.JavaLanguageServer.doFindConfig(JavaLanguageServer.java:525)
	at java.util.HashMap.computeIfAbsent(HashMap.java:1126)
	at org.javacs.JavaLanguageServer.findConfig(JavaLanguageServer.java:517)
	at org.javacs.JavaLanguageServer.findCompiler(JavaLanguageServer.java:477)
	at org.javacs.JavaLanguageServer.findTree(JavaLanguageServer.java:809)
	at org.javacs.JavaLanguageServer.lambda$doHover$34(JavaLanguageServer.java:983)
	at java.util.Optional.ifPresent(Optional.java:159)
	at org.javacs.JavaLanguageServer.doHover(JavaLanguageServer.java:982)
	at org.javacs.JavaLanguageServer.access$000(JavaLanguageServer.java:31)
	at org.javacs.JavaLanguageServer$1.hover(JavaLanguageServer.java:118)
	at io.typefox.lsapi.services.transport.server.LanguageServerEndpoint._doAccept(LanguageServerEndpoint.xtend:130)
	at io.typefox.lsapi.services.transport.server.LanguageServerEndpoint.doAccept(LanguageServerEndpoint.xtend:117)
	at io.typefox.lsapi.services.transport.server.LanguageServerEndpoint.accept(LanguageServerEndpoint.xtend:114)
	at io.typefox.lsapi.services.transport.server.LanguageServerEndpoint.accept(LanguageServerEndpoint.xtend)
	at io.typefox.lsapi.services.transport.AbstractLanguageEndpoint.handleMessage(LanguageEndpoint.xtend:67)
	at io.typefox.lsapi.services.transport.AbstractLanguageEndpoint.lambda$connect$4(LanguageEndpoint.xtend:61)
	at io.typefox.lsapi.services.json.StreamMessageReader$1.apply(StreamMessageReader.java:46)
	at io.typefox.lsapi.services.json.StreamMessageReader$1.apply(StreamMessageReader.java:44)
	at io.typefox.lsapi.services.json.StreamMessageReader.handleMessage(StreamMessageReader.xtend:128)
	at io.typefox.lsapi.services.json.StreamMessageReader.listen(StreamMessageReader.xtend:61)
	at io.typefox.lsapi.services.transport.AbstractLanguageEndpoint.connect(LanguageEndpoint.xtend:60)
	at org.javacs.Main.run(Main.java:150)
	at org.javacs.Main.main(Main.java:69)
Caused by: java.io.IOException: Cannot run program "mvn" (in directory "/Users/kelleyperry/Projects/shoppingcart"): error=2, No such file or directory
	at java.lang.ProcessBuilder.start(ProcessBuilder.java:1048)
	at java.lang.Runtime.exec(Runtime.java:620)
	at java.lang.Runtime.exec(Runtime.java:450)
	at org.javacs.JavaLanguageServer.buildClassPath(JavaLanguageServer.java:586)
	... 24 more
Caused by: java.io.IOException: error=2, No such file or directory
	at java.lang.UNIXProcess.forkAndExec(Native Method)
	at java.lang.UNIXProcess.<init>(UNIXProcess.java:247)
	at java.lang.ProcessImpl.start(ProcessImpl.java:134)
	at java.lang.ProcessBuilder.start(ProcessBuilder.java:1029)
	... 27 more

INFO	?	main	2017-03-19T18:05:43.671Z	org.javacs.JavaLanguageServer#buildClassPath	Emit classpath to /var/folders/xl/mxj3rlzd5q3_2b_f2thrtl2m0000gn/T/classpath3857757646862076950.txt
SEVERE	?	main	2017-03-19T18:05:43.674Z	org.javacs.Main$4#onError	java.io.IOException: Cannot run program "mvn" (in directory "/Users/kelleyperry/Projects/shoppingcart"): error=2, No such file or directory
java.lang.RuntimeException: java.io.IOException: Cannot run program "mvn" (in directory "/Users/kelleyperry/Projects/shoppingcart"): error=2, No such file or directory
	at org.javacs.JavaLanguageServer.buildClassPath(JavaLanguageServer.java:593)
	at org.javacs.JavaLanguageServer.readIfConfig(JavaLanguageServer.java:556)
	at org.javacs.JavaLanguageServer.doFindConfig(JavaLanguageServer.java:525)
	at java.util.HashMap.computeIfAbsent(HashMap.java:1126)
	at org.javacs.JavaLanguageServer.findConfig(JavaLanguageServer.java:517)
	at org.javacs.JavaLanguageServer.findCompiler(JavaLanguageServer.java:477)
	at org.javacs.JavaLanguageServer.access$600(JavaLanguageServer.java:31)
	at org.javacs.JavaLanguageServer$1.didClose(JavaLanguageServer.java:227)
	at io.typefox.lsapi.services.transport.server.LanguageServerEndpoint._doAccept(LanguageServerEndpoint.xtend:202)
	at io.typefox.lsapi.services.transport.server.LanguageServerEndpoint.doAccept(LanguageServerEndpoint.xtend:194)
	at io.typefox.lsapi.services.transport.server.LanguageServerEndpoint.accept(LanguageServerEndpoint.xtend:114)
	at io.typefox.lsapi.services.transport.server.LanguageServerEndpoint.accept(LanguageServerEndpoint.xtend)
	at io.typefox.lsapi.services.transport.AbstractLanguageEndpoint.handleMessage(LanguageEndpoint.xtend:67)
	at io.typefox.lsapi.services.transport.AbstractLanguageEndpoint.lambda$connect$4(LanguageEndpoint.xtend:61)
	at io.typefox.lsapi.services.json.StreamMessageReader$1.apply(StreamMessageReader.java:46)
	at io.typefox.lsapi.services.json.StreamMessageReader$1.apply(StreamMessageReader.java:44)
	at io.typefox.lsapi.services.json.StreamMessageReader.handleMessage(StreamMessageReader.xtend:128)
	at io.typefox.lsapi.services.json.StreamMessageReader.listen(StreamMessageReader.xtend:61)
	at io.typefox.lsapi.services.transport.AbstractLanguageEndpoint.connect(LanguageEndpoint.xtend:60)
	at org.javacs.Main.run(Main.java:150)
	at org.javacs.Main.main(Main.java:69)
Caused by: java.io.IOException: Cannot run program "mvn" (in directory "/Users/kelleyperry/Projects/shoppingcart"): error=2, No such file or directory
	at java.lang.ProcessBuilder.start(ProcessBuilder.java:1048)
	at java.lang.Runtime.exec(Runtime.java:620)
	at java.lang.Runtime.exec(Runtime.java:450)
	at org.javacs.JavaLanguageServer.buildClassPath(JavaLanguageServer.java:586)
	... 20 more
Caused by: java.io.IOException: error=2, No such file or directory
	at java.lang.UNIXProcess.forkAndExec(Native Method)
	at java.lang.UNIXProcess.<init>(UNIXProcess.java:247)
	at java.lang.ProcessImpl.start(ProcessImpl.java:134)
	at java.lang.ProcessBuilder.start(ProcessBuilder.java:1029)
	... 23 more

INFO	?	main	2017-03-19T18:05:52.107Z	org.javacs.JavaLanguageServer#doLint	Lint [/Users/kelleyperry/Projects/shoppingcart/src/main/java/com/pusher/web/IndexController.java, /Users/kelleyperry/Projects/shoppingcart/src/main/java/com/shoppingcart/ShoppingcartApplication.java]
INFO	?	main	2017-03-19T18:05:52.107Z	org.javacs.JavaLanguageServer#buildClassPath	Emit classpath to /var/folders/xl/mxj3rlzd5q3_2b_f2thrtl2m0000gn/T/classpath6424511411224436890.txt
SEVERE	?	main	2017-03-19T18:05:52.110Z	org.javacs.Main$4#onError	java.io.IOException: Cannot run program "mvn" (in directory "/Users/kelleyperry/Projects/shoppingcart"): error=2, No such file or directory
java.lang.RuntimeException: java.io.IOException: Cannot run program "mvn" (in directory "/Users/kelleyperry/Projects/shoppingcart"): error=2, No such file or directory
	at org.javacs.JavaLanguageServer.buildClassPath(JavaLanguageServer.java:593)
	at org.javacs.JavaLanguageServer.readIfConfig(JavaLanguageServer.java:556)
	at org.javacs.JavaLanguageServer.doFindConfig(JavaLanguageServer.java:525)
	at java.util.HashMap.computeIfAbsent(HashMap.java:1126)
	at org.javacs.JavaLanguageServer.findConfig(JavaLanguageServer.java:517)
	at org.javacs.JavaLanguageServer.doLint(JavaLanguageServer.java:315)
	at org.javacs.JavaLanguageServer.access$800(JavaLanguageServer.java:31)
	at org.javacs.JavaLanguageServer$1.didSave(JavaLanguageServer.java:247)
	at io.typefox.lsapi.services.transport.server.LanguageServerEndpoint._doAccept(LanguageServerEndpoint.xtend:204)
	at io.typefox.lsapi.services.transport.server.LanguageServerEndpoint.doAccept(LanguageServerEndpoint.xtend:194)
	at io.typefox.lsapi.services.transport.server.LanguageServerEndpoint.accept(LanguageServerEndpoint.xtend:114)
	at io.typefox.lsapi.services.transport.server.LanguageServerEndpoint.accept(LanguageServerEndpoint.xtend)
	at io.typefox.lsapi.services.transport.AbstractLanguageEndpoint.handleMessage(LanguageEndpoint.xtend:67)
	at io.typefox.lsapi.services.transport.AbstractLanguageEndpoint.lambda$connect$4(LanguageEndpoint.xtend:61)
	at io.typefox.lsapi.services.json.StreamMessageReader$1.apply(StreamMessageReader.java:46)
	at io.typefox.lsapi.services.json.StreamMessageReader$1.apply(StreamMessageReader.java:44)
	at io.typefox.lsapi.services.json.StreamMessageReader.handleMessage(StreamMessageReader.xtend:128)
	at io.typefox.lsapi.services.json.StreamMessageReader.listen(StreamMessageReader.xtend:61)
	at io.typefox.lsapi.services.transport.AbstractLanguageEndpoint.connect(LanguageEndpoint.xtend:60)
	at org.javacs.Main.run(Main.java:150)
	at org.javacs.Main.main(Main.java:69)
Caused by: java.io.IOException: Cannot run program "mvn" (in directory "/Users/kelleyperry/Projects/shoppingcart"): error=2, No such file or directory
	at java.lang.ProcessBuilder.start(ProcessBuilder.java:1048)
	at java.lang.Runtime.exec(Runtime.java:620)
	at java.lang.Runtime.exec(Runtime.java:450)
	at org.javacs.JavaLanguageServer.buildClassPath(JavaLanguageServer.java:586)
	... 20 more
Caused by: java.io.IOException: error=2, No such file or directory
	at java.lang.UNIXProcess.forkAndExec(Native Method)
	at java.lang.UNIXProcess.<init>(UNIXProcess.java:247)
	at java.lang.ProcessImpl.start(ProcessImpl.java:134)
	at java.lang.ProcessBuilder.start(ProcessBuilder.java:1029)
	... 23 more

INFO	?	main	2017-03-19T18:25:42.686Z	org.javacs.Main#run	Connection closed
